
**** Clean-only build of configuration Debug for project projectChess ****

make clean 
rm GUI.o GUI
rm: cannot remove `GUI.o': No such file or directory
rm: cannot remove `GUI': No such file or directory
make: [clean] Error 1 (ignored)

**** Build Finished ****

**** Build of configuration Debug for project projectChess ****

make all 
gcc  -std=c99 -pedantic-errors -c -Wall -g -lm GUI.c `sdl-config --cflags`
gcc  -o GUI GUI.o -lm -std=c99 -pedantic-errors -g `sdl-config --libs`

**** Build Finished ****

**** Build of configuration Debug for project projectChess ****

make all 
make: Nothing to be done for `all'.

**** Build Finished ****

**** Build of configuration Debug for project projectChess ****

make all 
gcc  -std=c99 -pedantic-errors -c -Wall -g -lm GUI.c `sdl-config --cflags`
gcc  -o GUI GUI.o -lm -std=c99 -pedantic-errors -g `sdl-config --libs`

**** Build Finished ****

**** Build of configuration Debug for project projectChess ****

make all 
make: Nothing to be done for `all'.

**** Build Finished ****
